#
# There is insufficient memory for the Java Runtime Environment to continue.
# Native memory allocation (malloc) failed to allocate 498896 bytes for Chunk::new
# Possible reasons:
#   The system is out of physical RAM or swap space
#   In 32 bit mode, the process size limit was hit
# Possible solutions:
#   Reduce memory load on the system
#   Increase physical memory or swap space
#   Check if swap backing store is full
#   Use 64 bit Java on a 64 bit OS
#   Decrease Java heap size (-Xmx/-Xms)
#   Decrease number of Java threads
#   Decrease Java thread stack sizes (-Xss)
#   Set larger code cache with -XX:ReservedCodeCacheSize=
# This output file may be truncated or incomplete.
#
#  Out of Memory Error (allocation.cpp:390), pid=30384, tid=0x0000000000005270
#
# JRE version: OpenJDK Runtime Environment (8.0) (build 1.8.0-adoptopenjdk-_2018_05_19_00_59-b00)
# Java VM: OpenJDK 64-Bit Server VM (25.71-b00 mixed mode windows-amd64 compressed oops)
# Failed to write core dump. Minidumps are not enabled by default on client versions of Windows
#

---------------  T H R E A D  ---------------

Current thread (0x000000001efcf000):  JavaThread "C2 CompilerThread7" daemon [_thread_in_native, id=21104, stack(0x00000000212b0000,0x00000000213b0000)]

Stack: [0x00000000212b0000,0x00000000213b0000]
[error occurred during error reporting (printing stack bounds), id 0xc0000005]

Native frames: (J=compiled Java code, j=interpreted, Vv=VM code, C=native code)


Current CompileTask:
C2:   2152 2659   !   4       com.sun.org.apache.xerces.internal.impl.XMLDocumentFragmentScannerImpl$FragmentContentDriver::next (2346 bytes)


---------------  P R O C E S S  ---------------

Java Threads: ( => current thread )
  0x0000000022f52000 JavaThread "Keep-Alive-Timer" daemon [_thread_blocked, id=47568, stack(0x0000000023fc0000,0x00000000240c0000)]
  0x000000001f04e000 JavaThread "Service Thread" daemon [_thread_blocked, id=12680, stack(0x00000000218b0000,0x00000000219b0000)]
  0x000000001efcb800 JavaThread "C1 CompilerThread11" daemon [_thread_blocked, id=60548, stack(0x00000000217b0000,0x00000000218b0000)]
  0x000000001efca000 JavaThread "C1 CompilerThread10" daemon [_thread_blocked, id=60316, stack(0x00000000216b0000,0x00000000217b0000)]
  0x000000001efcd000 JavaThread "C1 CompilerThread9" daemon [_thread_blocked, id=27412, stack(0x00000000215b0000,0x00000000216b0000)]
  0x000000001efce800 JavaThread "C1 CompilerThread8" daemon [_thread_blocked, id=31212, stack(0x00000000213b0000,0x00000000214b0000)]
=>0x000000001efcf000 JavaThread "C2 CompilerThread7" daemon [_thread_in_native, id=21104, stack(0x00000000212b0000,0x00000000213b0000)]
  0x000000001efc9000 JavaThread "C2 CompilerThread6" daemon [_thread_in_native, id=16032, stack(0x00000000211b0000,0x00000000212b0000)]
  0x000000001efb0800 JavaThread "C2 CompilerThread5" daemon [_thread_blocked, id=27744, stack(0x00000000210b0000,0x00000000211b0000)]
  0x000000001ef73800 JavaThread "C2 CompilerThread4" daemon [_thread_in_native, id=57720, stack(0x0000000020fb0000,0x00000000210b0000)]
  0x000000001ef6b000 JavaThread "C2 CompilerThread3" daemon [_thread_blocked, id=50404, stack(0x0000000020eb0000,0x0000000020fb0000)]
  0x000000001ef68000 JavaThread "C2 CompilerThread2" daemon [_thread_in_native, id=52792, stack(0x0000000020db0000,0x0000000020eb0000)]
  0x000000001ef64000 JavaThread "C2 CompilerThread1" daemon [_thread_in_native, id=30176, stack(0x0000000020cb0000,0x0000000020db0000)]
  0x000000001ef62000 JavaThread "C2 CompilerThread0" daemon [_thread_blocked, id=56576, stack(0x0000000020bb0000,0x0000000020cb0000)]
  0x000000001ef60000 JavaThread "Attach Listener" daemon [_thread_blocked, id=14372, stack(0x0000000020ab0000,0x0000000020bb0000)]
  0x000000001ef5d800 JavaThread "Signal Dispatcher" daemon [_thread_blocked, id=23100, stack(0x00000000209b0000,0x0000000020ab0000)]
  0x000000001d4e6000 JavaThread "Finalizer" daemon [_thread_blocked, id=45444, stack(0x00000000207b0000,0x00000000208b0000)]
  0x000000001d4dd000 JavaThread "Reference Handler" daemon [_thread_blocked, id=59280, stack(0x00000000206b0000,0x00000000207b0000)]
  0x0000000003435800 JavaThread "main" [_thread_in_native, id=50660, stack(0x0000000003330000,0x0000000003430000)]

Other Threads:
  0x000000001d4d5800 VMThread [stack: 0x00000000205b0000,0x00000000206b0000] [id=14888]
  0x000000001f03c800 WatcherThread [stack: 0x00000000219b0000,0x0000000021ab0000] [id=46504]

VM state:not at safepoint (normal execution)

VM Mutex/Monitor currently owned by a thread: None

Heap:
 PSYoungGen      total 76288K, used 62816K [0x000000076af00000, 0x0000000770400000, 0x00000007c0000000)
  eden space 65536K, 95% used [0x000000076af00000,0x000000076ec582d0,0x000000076ef00000)
  from space 10752K, 0% used [0x000000076ef00000,0x000000076ef00000,0x000000076f980000)
  to   space 10752K, 0% used [0x000000076f980000,0x000000076f980000,0x0000000770400000)
 ParOldGen       total 118272K, used 2370K [0x00000006c0c00000, 0x00000006c7f80000, 0x000000076af00000)
  object space 118272K, 2% used [0x00000006c0c00000,0x00000006c0e50a48,0x00000006c7f80000)
 Metaspace       used 17257K, capacity 17706K, committed 18048K, reserved 1069056K
  class space    used 1963K, capacity 2077K, committed 2176K, reserved 1048576K

Card table byte_map: [0x00000000128f0000,0x00000000130f0000] byte_map_base: 0x000000000f2ea000

Marking Bits: (ParMarkBitMap*) 0x000000007757be50
 Begin Bits: [0x0000000014350000, 0x0000000018320000)
 End Bits:   [0x0000000018320000, 0x000000001c2f0000)

Polling page: 0x0000000000fd0000

CodeCache: size=245760Kb used=11067Kb max_used=11079Kb free=234692Kb
 bounds [0x0000000003530000, 0x0000000004010000, 0x0000000012530000]
 total_blobs=3099 nmethods=2680 adapters=329
 compilation: enabled

Compilation events (10 events):
Event: 2.136 Thread 0x000000001efcb800 2686       3       com.sun.xml.internal.bind.v2.runtime.reflect.TransducedAccessor$IDREFTransducedAccessorImpl::assign (52 bytes)
Event: 2.137 Thread 0x000000001efca000 nmethod 2678% 0x0000000004003690 code [0x0000000004003940, 0x0000000004004e48]
Event: 2.137 Thread 0x000000001ef73800 nmethod 2684 0x0000000003fa1850 code [0x0000000003fa1980, 0x0000000003fa19f8]
Event: 2.137 Thread 0x000000001ef73800 2685       4       com.android.repository.impl.meta.SchemaModuleUtil$NamespaceFallbackFilter::startElement (59 bytes)
Event: 2.137 Thread 0x000000001efcd000 2687       1       java.util.Formatter::access$000 (5 bytes)
Event: 2.137 Thread 0x000000001efcd000 nmethod 2687 0x0000000003fe2490 code [0x0000000003fe25e0, 0x0000000003fe26d0]
Event: 2.137 Thread 0x000000001efb0800 nmethod 2680 0x0000000003ffc810 code [0x0000000003ffc960, 0x0000000003ffca88]
Event: 2.137 Thread 0x000000001efcb800 nmethod 2686 0x00000000040059d0 code [0x0000000004005c00, 0x0000000004006af8]
Event: 2.140 Thread 0x000000001ef62000 nmethod 2682 0x0000000003ffc0d0 code [0x0000000003ffc260, 0x0000000003ffc4e8]
Event: 2.142 Thread 0x000000001ef6b000 nmethod 2683 0x0000000003ffd790 code [0x0000000003ffd920, 0x0000000003ffded8]

GC Heap History (4 events):
Event: 0.503 GC heap before
{Heap before GC invocations=1 (full 0):
 PSYoungGen      total 76288K, used 17049K [0x000000076af00000, 0x0000000770400000, 0x00000007c0000000)
  eden space 65536K, 26% used [0x000000076af00000,0x000000076bfa64c0,0x000000076ef00000)
  from space 10752K, 0% used [0x000000076f980000,0x000000076f980000,0x0000000770400000)
  to   space 10752K, 0% used [0x000000076ef00000,0x000000076ef00000,0x000000076f980000)
 ParOldGen       total 175104K, used 0K [0x00000006c0c00000, 0x00000006cb700000, 0x000000076af00000)
  object space 175104K, 0% used [0x00000006c0c00000,0x00000006c0c00000,0x00000006cb700000)
 Metaspace       used 8272K, capacity 8462K, committed 8576K, reserved 1062912K
  class space    used 1007K, capacity 1095K, committed 1152K, reserved 1048576K
Event: 0.508 GC heap after
Heap after GC invocations=1 (full 0):
 PSYoungGen      total 76288K, used 2691K [0x000000076af00000, 0x0000000770400000, 0x00000007c0000000)
  eden space 65536K, 0% used [0x000000076af00000,0x000000076af00000,0x000000076ef00000)
  from space 10752K, 25% used [0x000000076ef00000,0x000000076f1a0e98,0x000000076f980000)
  to   space 10752K, 0% used [0x000000076f980000,0x000000076f980000,0x0000000770400000)
 ParOldGen       total 175104K, used 16K [0x00000006c0c00000, 0x00000006cb700000, 0x000000076af00000)
  object space 175104K, 0% used [0x00000006c0c00000,0x00000006c0c04000,0x00000006cb700000)
 Metaspace       used 8272K, capacity 8462K, committed 8576K, reserved 1062912K
  class space    used 1007K, capacity 1095K, committed 1152K, reserved 1048576K
}
Event: 0.508 GC heap before
{Heap before GC invocations=2 (full 1):
 PSYoungGen      total 76288K, used 2691K [0x000000076af00000, 0x0000000770400000, 0x00000007c0000000)
  eden space 65536K, 0% used [0x000000076af00000,0x000000076af00000,0x000000076ef00000)
  from space 10752K, 25% used [0x000000076ef00000,0x000000076f1a0e98,0x000000076f980000)
  to   space 10752K, 0% used [0x000000076f980000,0x000000076f980000,0x0000000770400000)
 ParOldGen       total 175104K, used 16K [0x00000006c0c00000, 0x00000006cb700000, 0x000000076af00000)
  object space 175104K, 0% used [0x00000006c0c00000,0x00000006c0c04000,0x00000006cb700000)
 Metaspace       used 8272K, capacity 8462K, committed 8576K, reserved 1062912K
  class space    used 1007K, capacity 1095K, committed 1152K, reserved 1048576K
Event: 0.517 GC heap after
Heap after GC invocations=2 (full 1):
 PSYoungGen      total 76288K, used 0K [0x000000076af00000, 0x0000000770400000, 0x00000007c0000000)
  eden space 65536K, 0% used [0x000000076af00000,0x000000076af00000,0x000000076ef00000)
  from space 10752K, 0% used [0x000000076ef00000,0x000000076ef00000,0x000000076f980000)
  to   space 10752K, 0% used [0x000000076f980000,0x000000076f980000,0x0000000770400000)
 ParOldGen       total 118272K, used 2370K [0x00000006c0c00000, 0x00000006c7f80000, 0x000000076af00000)
  object space 118272K, 2% used [0x00000006c0c00000,0x00000006c0e50a48,0x00000006c7f80000)
 Metaspace       used 8272K, capacity 8462K, committed 8576K, reserved 1060864K
  class space    used 1007K, capacity 1095K, committed 1152K, reserved 1048576K
}

Deoptimization events (10 events):
Event: 1.968 Thread 0x0000000003435800 Uncommon trap: reason=unstable_if action=reinterpret pc=0x0000000003dac83c method=com.sun.org.apache.xerces.internal.impl.XMLEntityScanner.peekChar()I @ 14
Event: 1.968 Thread 0x0000000003435800 Uncommon trap: reason=unstable_if action=reinterpret pc=0x0000000003ef92fc method=com.sun.xml.internal.bind.v2.runtime.unmarshaller.ValidatingUnmarshaller.text(Ljava/lang/CharSequence;)V @ 13
Event: 1.970 Thread 0x0000000003435800 Uncommon trap: reason=unstable_if action=reinterpret pc=0x0000000003ef108c method=com.sun.xml.internal.bind.v2.runtime.unmarshaller.ValidatingUnmarshaller.text(Ljava/lang/CharSequence;)V @ 13
Event: 1.971 Thread 0x0000000003435800 Uncommon trap: reason=unstable_if action=reinterpret pc=0x0000000003d7b370 method=java.util.regex.Pattern$Ctype.isSatisfiedBy(I)Z @ 4
Event: 1.977 Thread 0x0000000003435800 Uncommon trap: reason=unstable_if action=reinterpret pc=0x0000000003d53a2c method=java.util.regex.Matcher.find()Z @ 34
Event: 1.983 Thread 0x0000000003435800 Uncommon trap: reason=unstable_if action=reinterpret pc=0x0000000003f2be44 method=com.sun.org.apache.xerces.internal.impl.xpath.regex.RangeToken.match(I)Z @ 4
Event: 1.983 Thread 0x0000000003435800 Uncommon trap: reason=unstable_if action=reinterpret pc=0x0000000003e7748c method=com.sun.org.apache.xerces.internal.impl.xpath.regex.RangeToken.match(I)Z @ 4
Event: 1.983 Thread 0x0000000003435800 Uncommon trap: reason=unstable_if action=reinterpret pc=0x0000000003eb16a0 method=com.sun.org.apache.xerces.internal.util.IntStack.ensureCapacity(I)V @ 24
Event: 2.031 Thread 0x0000000003435800 Uncommon trap: reason=unstable_if action=reinterpret pc=0x0000000003faade0 method=java.util.regex.Matcher.find()Z @ 34
Event: 2.135 Thread 0x0000000003435800 Uncommon trap: reason=unstable_if action=reinterpret pc=0x0000000003eacb18 method=com.sun.org.apache.xerces.internal.impl.XMLEntityScanner.scanContent(Lcom/sun/org/apache/xerces/internal/xni/XMLString;)I @ 418

Classes redefined (0 events):
No events

Internal exceptions (10 events):
Event: 0.859 Thread 0x0000000003435800 Exception <a 'sun/nio/fs/WindowsException'> (0x000000076bd65de0) thrown at [C:\Users\jenkins\workspace\openjdk8_build_x86-64_windows\openjdk\hotspot\src\share\vm\prims\jni.cpp, line 709]
Event: 0.859 Thread 0x0000000003435800 Exception <a 'sun/nio/fs/WindowsException'> (0x000000076bd665b0) thrown at [C:\Users\jenkins\workspace\openjdk8_build_x86-64_windows\openjdk\hotspot\src\share\vm\prims\jni.cpp, line 709]
Event: 1.639 Thread 0x0000000003435800 Implicit null exception at 0x0000000003cb2e98 to 0x0000000003cb2fdd
Event: 1.691 Thread 0x0000000003435800 Exception <a 'java/lang/ClassNotFoundException': com/sun/org/glassfish/hk2/osgiresourcelocator/ServiceLoader> (0x000000076ce7c848) thrown at [C:\Users\jenkins\workspace\openjdk8_build_x86-64_windows\openjdk\hotspot\src\share\vm\classfile\systemDictionary.
Event: 1.854 Thread 0x0000000003435800 Exception <a 'sun/nio/fs/WindowsException'> (0x000000076d53f7e8) thrown at [C:\Users\jenkins\workspace\openjdk8_build_x86-64_windows\openjdk\hotspot\src\share\vm\prims\jni.cpp, line 709]
Event: 1.854 Thread 0x0000000003435800 Exception <a 'sun/nio/fs/WindowsException'> (0x000000076d53fcb0) thrown at [C:\Users\jenkins\workspace\openjdk8_build_x86-64_windows\openjdk\hotspot\src\share\vm\prims\jni.cpp, line 709]
Event: 1.879 Thread 0x0000000003435800 Exception <a 'java/lang/ClassNotFoundException': com/sun/org/glassfish/hk2/osgiresourcelocator/ServiceLoader> (0x000000076d587e18) thrown at [C:\Users\jenkins\workspace\openjdk8_build_x86-64_windows\openjdk\hotspot\src\share\vm\classfile\systemDictionary.
Event: 1.946 Thread 0x0000000003435800 Exception <a 'java/lang/ClassNotFoundException': com/sun/org/glassfish/hk2/osgiresourcelocator/ServiceLoader> (0x000000076d7a9b48) thrown at [C:\Users\jenkins\workspace\openjdk8_build_x86-64_windows\openjdk\hotspot\src\share\vm\classfile\systemDictionary.
Event: 1.983 Thread 0x0000000003435800 Implicit null exception at 0x0000000003f29b40 to 0x0000000003f2bdf5
Event: 1.983 Thread 0x0000000003435800 Implicit null exception at 0x0000000003e773d0 to 0x0000000003e77475

Events (10 events):
Event: 2.126 Thread 0x0000000003435800 DEOPT UNPACKING pc=0x00000000035771d0 sp=0x000000000342e0b8 mode 0
Event: 2.129 Thread 0x0000000003435800 DEOPT PACKING pc=0x0000000003fbacd2 sp=0x000000000342e330
Event: 2.129 Thread 0x0000000003435800 DEOPT UNPACKING pc=0x00000000035771d0 sp=0x000000000342e0b8 mode 0
Event: 2.131 Thread 0x0000000003435800 DEOPT PACKING pc=0x0000000003fbacd2 sp=0x000000000342e330
Event: 2.131 Thread 0x0000000003435800 DEOPT UNPACKING pc=0x00000000035771d0 sp=0x000000000342e0b8 mode 0
Event: 2.134 Thread 0x0000000003435800 DEOPT PACKING pc=0x0000000003fbacd2 sp=0x000000000342e330
Event: 2.134 Thread 0x0000000003435800 DEOPT UNPACKING pc=0x00000000035771d0 sp=0x000000000342e0b8 mode 0
Event: 2.135 Thread 0x0000000003435800 Uncommon trap: trap_request=0xffffff65 fr.pc=0x0000000003eacb18
Event: 2.135 Thread 0x0000000003435800 DEOPT PACKING pc=0x0000000003eacb18 sp=0x000000000342e990
Event: 2.135 Thread 0x0000000003435800 DEOPT UNPACKING pc=0x000000000357557b sp=0x000000000342e938 mode 2


Dynamic libraries:
0x00007ff75db60000 - 0x00007ff75db95000 	C:\Program Files\Unity\Hub\Editor\2020.1.0a21\Editor\Data\PlaybackEngines\AndroidPlayer\OpenJDK\bin\java.exe
0x00007ffc0f260000 - 0x00007ffc0f450000 	C:\WINDOWS\SYSTEM32\ntdll.dll
0x00007ffc0eeb0000 - 0x00007ffc0ef62000 	C:\WINDOWS\System32\KERNEL32.DLL
0x00007ffc0c5b0000 - 0x00007ffc0c853000 	C:\WINDOWS\System32\KERNELBASE.dll
0x00007ffc0d6a0000 - 0x00007ffc0d743000 	C:\WINDOWS\System32\ADVAPI32.dll
0x00007ffc0f000000 - 0x00007ffc0f09e000 	C:\WINDOWS\System32\msvcrt.dll
0x00007ffc0f0a0000 - 0x00007ffc0f137000 	C:\WINDOWS\System32\sechost.dll
0x00007ffc0da60000 - 0x00007ffc0db80000 	C:\WINDOWS\System32\RPCRT4.dll
0x00007ffc0dce0000 - 0x00007ffc0de74000 	C:\WINDOWS\System32\USER32.dll
0x00007ffc0c860000 - 0x00007ffc0c881000 	C:\WINDOWS\System32\win32u.dll
0x00007ffc0d750000 - 0x00007ffc0d776000 	C:\WINDOWS\System32\GDI32.dll
0x00007ffc0c960000 - 0x00007ffc0caf4000 	C:\WINDOWS\System32\gdi32full.dll
0x00007ffc0c360000 - 0x00007ffc0c3fe000 	C:\WINDOWS\System32\msvcp_win.dll
0x00007ffc0c400000 - 0x00007ffc0c4fa000 	C:\WINDOWS\System32\ucrtbase.dll
0x00007ffbf88c0000 - 0x00007ffbf8b45000 	C:\WINDOWS\WinSxS\amd64_microsoft.windows.common-controls_6595b64144ccf1df_6.0.18362.592_none_e6c0b1911312be02\COMCTL32.dll
0x00007ffc0d360000 - 0x00007ffc0d696000 	C:\WINDOWS\System32\combase.dll
0x00007ffc0c8e0000 - 0x00007ffc0c960000 	C:\WINDOWS\System32\bcryptPrimitives.dll
0x00007ffc0d780000 - 0x00007ffc0d7ae000 	C:\WINDOWS\System32\IMM32.DLL
0x0000000077cd0000 - 0x0000000077da2000 	C:\Program Files\Unity\Hub\Editor\2020.1.0a21\Editor\Data\PlaybackEngines\AndroidPlayer\OpenJDK\jre\bin\msvcr100.dll
0x0000000076db0000 - 0x00000000775f9000 	C:\Program Files\Unity\Hub\Editor\2020.1.0a21\Editor\Data\PlaybackEngines\AndroidPlayer\OpenJDK\jre\bin\server\jvm.dll
0x00007ffc0e050000 - 0x00007ffc0e058000 	C:\WINDOWS\System32\PSAPI.DLL
0x00007ffbf55b0000 - 0x00007ffbf55b9000 	C:\WINDOWS\SYSTEM32\WSOCK32.dll
0x00007ffc003d0000 - 0x00007ffc003f4000 	C:\WINDOWS\SYSTEM32\WINMM.dll
0x00007ffc0d920000 - 0x00007ffc0d98f000 	C:\WINDOWS\System32\WS2_32.dll
0x00007ffc0ac10000 - 0x00007ffc0ac1a000 	C:\WINDOWS\SYSTEM32\VERSION.dll
0x00007ffc003a0000 - 0x00007ffc003cd000 	C:\WINDOWS\SYSTEM32\winmmbase.dll
0x00007ffc0c890000 - 0x00007ffc0c8da000 	C:\WINDOWS\System32\cfgmgr32.dll
0x00007ffc07dc0000 - 0x00007ffc07dcf000 	C:\Program Files\Unity\Hub\Editor\2020.1.0a21\Editor\Data\PlaybackEngines\AndroidPlayer\OpenJDK\jre\bin\verify.dll
0x00007ffbc54b0000 - 0x00007ffbc54d9000 	C:\Program Files\Unity\Hub\Editor\2020.1.0a21\Editor\Data\PlaybackEngines\AndroidPlayer\OpenJDK\jre\bin\java.dll
0x00007ffc05c00000 - 0x00007ffc05c16000 	C:\Program Files\Unity\Hub\Editor\2020.1.0a21\Editor\Data\PlaybackEngines\AndroidPlayer\OpenJDK\jre\bin\zip.dll
0x00007ffc0e4d0000 - 0x00007ffc0ebb5000 	C:\WINDOWS\System32\SHELL32.dll
0x00007ffc0d7b0000 - 0x00007ffc0d859000 	C:\WINDOWS\System32\shcore.dll
0x00007ffc0cb00000 - 0x00007ffc0d27f000 	C:\WINDOWS\System32\windows.storage.dll
0x00007ffc0c180000 - 0x00007ffc0c19f000 	C:\WINDOWS\System32\profapi.dll
0x00007ffc0c110000 - 0x00007ffc0c15a000 	C:\WINDOWS\System32\powrprof.dll
0x00007ffc0c100000 - 0x00007ffc0c110000 	C:\WINDOWS\System32\UMPDC.dll
0x00007ffc0d8c0000 - 0x00007ffc0d912000 	C:\WINDOWS\System32\shlwapi.dll
0x00007ffc0c160000 - 0x00007ffc0c171000 	C:\WINDOWS\System32\kernel.appcore.dll
0x00007ffc0c1f0000 - 0x00007ffc0c207000 	C:\WINDOWS\System32\cryptsp.dll
0x00007ffbe57e0000 - 0x00007ffbe57fa000 	C:\Program Files\Unity\Hub\Editor\2020.1.0a21\Editor\Data\PlaybackEngines\AndroidPlayer\OpenJDK\jre\bin\net.dll
0x00007ffc0b970000 - 0x00007ffc0b9d7000 	C:\WINDOWS\system32\mswsock.dll
0x00007ffbdcc20000 - 0x00007ffbdcc31000 	C:\Program Files\Unity\Hub\Editor\2020.1.0a21\Editor\Data\PlaybackEngines\AndroidPlayer\OpenJDK\jre\bin\nio.dll
0x00007ffbdc600000 - 0x00007ffbdc624000 	C:\Program Files\Unity\Hub\Editor\2020.1.0a21\Editor\Data\PlaybackEngines\AndroidPlayer\OpenJDK\jre\bin\sunec.dll
0x00007ffc0b4e0000 - 0x00007ffc0b513000 	C:\WINDOWS\system32\rsaenh.dll
0x00007ffc0c1c0000 - 0x00007ffc0c1e6000 	C:\WINDOWS\System32\bcrypt.dll
0x00007ffc0bff0000 - 0x00007ffc0c015000 	C:\WINDOWS\SYSTEM32\USERENV.dll
0x00007ffc0bb40000 - 0x00007ffc0bb4c000 	C:\WINDOWS\SYSTEM32\CRYPTBASE.dll
0x00007ffc0b680000 - 0x00007ffc0b6ba000 	C:\WINDOWS\SYSTEM32\IPHLPAPI.DLL
0x00007ffc0eff0000 - 0x00007ffc0eff8000 	C:\WINDOWS\System32\NSI.dll
0x00007ffc04010000 - 0x00007ffc04026000 	C:\WINDOWS\SYSTEM32\dhcpcsvc6.DLL
0x00007ffc04bc0000 - 0x00007ffc04bdc000 	C:\WINDOWS\SYSTEM32\dhcpcsvc.DLL
0x00007ffc0b6c0000 - 0x00007ffc0b78a000 	C:\WINDOWS\SYSTEM32\DNSAPI.dll
0x00007ffc0a840000 - 0x00007ffc0a84b000 	C:\Program Files\Unity\Hub\Editor\2020.1.0a21\Editor\Data\PlaybackEngines\AndroidPlayer\OpenJDK\jre\bin\sunmscapi.dll
0x00007ffc0c210000 - 0x00007ffc0c359000 	C:\WINDOWS\System32\CRYPT32.dll
0x00007ffc0c1a0000 - 0x00007ffc0c1b2000 	C:\WINDOWS\System32\MSASN1.dll
0x00007ffc00530000 - 0x00007ffc0053a000 	C:\Windows\System32\rasadhlp.dll
0x00007ffc03810000 - 0x00007ffc03887000 	C:\WINDOWS\System32\fwpuclnt.dll

VM Arguments:
jvm_args: -Dfile.encoding=UTF-8 -Dcom.android.sdklib.toolsdir=C:\Program Files\Unity\Hub\Editor\2020.1.0a21\Editor\Data\PlaybackEngines\AndroidPlayer\SDK\tools\bin\\.. 
java_command: com.android.sdklib.tool.sdkmanager.SdkManagerCli --list
java_class_path (initial): C:\Program Files\Unity\Hub\Editor\2020.1.0a21\Editor\Data\PlaybackEngines\AndroidPlayer\SDK\tools\bin\..\lib\dvlib-26.0.0-dev.jar;C:\Program Files\Unity\Hub\Editor\2020.1.0a21\Editor\Data\PlaybackEngines\AndroidPlayer\SDK\tools\bin\..\lib\jimfs-1.1.jar;C:\Program Files\Unity\Hub\Editor\2020.1.0a21\Editor\Data\PlaybackEngines\AndroidPlayer\SDK\tools\bin\..\lib\jsr305-1.3.9.jar;C:\Program Files\Unity\Hub\Editor\2020.1.0a21\Editor\Data\PlaybackEngines\AndroidPlayer\SDK\tools\bin\..\lib\repository-26.0.0-dev.jar;C:\Program Files\Unity\Hub\Editor\2020.1.0a21\Editor\Data\PlaybackEngines\AndroidPlayer\SDK\tools\bin\..\lib\j2objc-annotations-1.1.jar;C:\Program Files\Unity\Hub\Editor\2020.1.0a21\Editor\Data\PlaybackEngines\AndroidPlayer\SDK\tools\bin\..\lib\layoutlib-api-26.0.0-dev.jar;C:\Program Files\Unity\Hub\Editor\2020.1.0a21\Editor\Data\PlaybackEngines\AndroidPlayer\SDK\tools\bin\..\lib\gson-2.3.jar;C:\Program Files\Unity\Hub\Editor\2020.1.0a21\Editor\Data\PlaybackEngines\AndroidPlayer\SDK\tools\bin\..\lib\httpcore-4.2.5.jar;C:\Program Files\Unity\Hub\Editor\2020.1.0a21\Editor\Data\PlaybackEngines\AndroidPlayer\SDK\tools\bin\..\lib\commons-logging-1.1.1.jar;C:\Program Files\Unity\Hub\Editor\2020.1.0a21\Editor\Data\PlaybackEngines\AndroidPlayer\SDK\tools\bin\..\lib\commons-compress-1.12.jar;C:\Program Files\Unity\Hub\Editor\2020.1.0a21\Editor\Data\PlaybackEngines\AndroidPlayer\SDK\tools\bin\..\lib\annotations-26.0.0-dev.jar;C:\Program Files\Unity\Hub\Editor\2020.1.0a21\Editor\Data\PlaybackEngines\AndroidPlayer\SDK\tools\bin\..\lib\error_prone_annotations-2.0.18.jar;C:\Program Files\Unity\Hub\Editor\2020.1.0a21\Editor\Data\PlaybackEngines\AndroidPlayer\SDK\tools\bin\..\lib\animal-sniffer-annotations-1.14.jar;C:\Program Files\Unity\Hub\Editor\2020.1.0a21\Editor\Data\PlaybackEngines\AndroidPlayer\SDK\tools\bin\..\lib\httpclient-4.2.6.jar;C:\Program Files\Unity\Hub\Editor\2020.1.0a21\Editor\Data\PlaybackEngines\AndroidPlayer\SDK\tools\bin\..\lib
Launcher Type: SUN_STANDARD

Environment Variables:
JAVA_HOME=C:/Program Files/Unity/Hub/Editor/2020.1.0a21/Editor/Data/PlaybackEngines/AndroidPlayer\OpenJDK
JAVA_TOOL_OPTIONS=-Dfile.encoding=UTF-8
PATH=C:\Program Files\Oculus\Support\oculus-runtime;C:\Program Files (x86)\Razer Chroma SDK\bin;C:\Program Files\Razer Chroma SDK\bin;C:\Program Files (x86)\Common Files\Intel\Shared Libraries\redist\intel64_win\compiler;C:\Program Files (x86)\Razer\ChromaBroadcast\bin;C:\Program Files\Razer\ChromaBroadcast\bin;C:\Program Files (x86)\Common Files\Oracle\Java\javapath;C:\Windows\system32;C:\Windows;C:\Windows\System32\Wbem;C:\Windows\System32\WindowsPowerShell\v1.0\;C:\Windows\System32\OpenSSH\;C:\Program Files (x86)\NVIDIA Corporation\PhysX\Common;C:\Program Files\dotnet\;C:\Program Files (x86)\AMD\ATI.ACE\Core-Static;C:\Dwimperl\perl\bin;C:\Dwimperl\perl\site\bin;C:\Dwimperl\c\bin;C:\Program Files\Java\jdk-11.0.2\bin;C:\Users\Michael\AppData\Local\GitHubDesktop\bin;C:\Users\Michael\AppData\Local\Microsoft\WindowsApps;C:\Users\Michael\.dotnet\tools;C:\Program Files\NVIDIA Corporation\NVIDIA NvDLISR;C:\Program Files\nodejs\;C:\Program Files (x86)\AOMEI Backupper;C:\WINDOWS\system32;C:\WINDOWS;C:\WINDOWS\System32\Wbem;C:\WINDOWS\System32\WindowsPowerShell\v1.0\;C:\WINDOWS\System32\OpenSSH\;C:\Program Files\Git LFS;C:\Program Files\Git\cmd;C:\Program Files\Java\jdk-11.0.2\bin;C:\Users\Michael\AppData\Roaming\npm;C:\Users\Michael\AppData\Local\GitHubDesktop\bin;%USERPROFILE%\AppData\Local\Microsoft\WindowsApps;
USERNAME=Michael
OS=Windows_NT
PROCESSOR_IDENTIFIER=AMD64 Family 23 Model 1 Stepping 1, AuthenticAMD



---------------  S Y S T E M  ---------------

OS: Windows 10.0 , 64 bit Build 18362 (10.0.18362.329)

CPU:total 16 (initial active 16) (16 cores per cpu, 1 threads per core) family 23 model 1 stepping 1, cmov, cx8, fxsr, mmx, sse, sse2, sse3, ssse3, sse4.1, sse4.2, popcnt, avx, avx2, aes, clmul, mmxext, 3dnowpref, lzcnt, sse4a, tsc, tscinvbit, tscinv, bmi1

Memory: 4k page, physical 16727036k(77100k free), swap 67058684k(3100k free)

vm_info: OpenJDK 64-Bit Server VM (25.71-b00) for windows-amd64 JRE (1.8.0-adoptopenjdk-_2018_05_19_00_59-b00), built on May 19 2018 01:02:12 by "jenkins" with MS VC++ 10.0 (VS2010)

time: Tue Feb 18 09:19:23 2020
elapsed time: 2 seconds (0d 0h 0m 2s)

