#
# There is insufficient memory for the Java Runtime Environment to continue.
# Native memory allocation (mmap) failed to map 268435456 bytes for Failed to commit area from 0x0000000700c00000 to 0x0000000710c00000 of length 268435456.
# Possible reasons:
#   The system is out of physical RAM or swap space
#   The process is running with CompressedOops enabled, and the Java Heap may be blocking the growth of the native heap
# Possible solutions:
#   Reduce memory load on the system
#   Increase physical memory or swap space
#   Check if swap backing store is full
#   Decrease Java heap size (-Xmx/-Xms)
#   Decrease number of Java threads
#   Decrease Java thread stack sizes (-Xss)
#   Set larger code cache with -XX:ReservedCodeCacheSize=
# This output file may be truncated or incomplete.
#
#  Out of Memory Error (t:/workspace/open/src/hotspot/os/windows/os_windows.cpp:3269), pid=55748, tid=44936
#
# JRE version:  (11.0+28) (build )
# Java VM: Java HotSpot(TM) 64-Bit Server VM (11+28, mixed mode, aot, sharing, tiered, compressed oops, g1 gc, windows-amd64)
# No core dump will be written. Minidumps are not enabled by default on client versions of Windows
#

---------------  S U M M A R Y ------------

Command Line: -Dfile.encoding=UTF-8 

Host: AMD Ryzen 7 1700X Eight-Core Processor         , 16 cores, 15G,  Windows 10 , 64 bit Build 18362 (10.0.18362.329)
Time: Tue Feb 18 08:13:49 2020 GMT Standard Time elapsed time: 0 seconds (0d 0h 0m 0s)

---------------  T H R E A D  ---------------

Current thread (0x0000029277ee6800):  JavaThread "Unknown thread" [_thread_in_vm, id=44936, stack(0x000000f67fd00000,0x000000f67fe00000)]

Stack: [0x000000f67fd00000,0x000000f67fe00000]
Native frames: (J=compiled Java code, j=interpreted, Vv=VM code, C=native code)
V  [jvm.dll+0x63c22a]
V  [jvm.dll+0x7797ef]
V  [jvm.dll+0x77adda]
V  [jvm.dll+0x77b493]
V  [jvm.dll+0x262818]
V  [jvm.dll+0x6396da]
V  [jvm.dll+0x62dfb5]
V  [jvm.dll+0x31699c]
V  [jvm.dll+0x316822]
V  [jvm.dll+0x31c096]
V  [jvm.dll+0x3684af]
V  [jvm.dll+0x367ed0]
V  [jvm.dll+0x2f38b8]
V  [jvm.dll+0x2f4a16]
V  [jvm.dll+0x752db7]
V  [jvm.dll+0x7544ff]
V  [jvm.dll+0x3752e9]
V  [jvm.dll+0x7394b9]
V  [jvm.dll+0x3e46fd]
V  [jvm.dll+0x3e69d1]
C  [java.exe+0x3603]
C  [java.exe+0x178dc]
C  [KERNEL32.DLL+0x17bd4]
C  [ntdll.dll+0x6ced1]


---------------  P R O C E S S  ---------------

Threads class SMR info:
_java_thread_list=0x0000029277d48400, length=0, elements={
}

Java Threads: ( => current thread )

Other Threads:
  0x0000029277efb000 GCTaskThread "GC Thread#0" [stack: 0x000000f67fe00000,0x000000f67ff00000] [id=56660]
  0x0000029277f5a800 ConcurrentGCThread "G1 Main Marker" [stack: 0x000000f67ff00000,0x000000f680000000] [id=25584]
  0x0000029277f5c000 ConcurrentGCThread "G1 Conc#0" [stack: 0x000000f600000000,0x000000f600100000] [id=31012]

[error occurred during error reporting (printing all threads), id 0xc0000005, EXCEPTION_ACCESS_VIOLATION (0xc0000005) at pc=0x00007ffb8fd52137]

VM state:not at safepoint (not fully initialized)

VM Mutex/Monitor currently owned by a thread:  ([mutex/lock_event])
[0x0000029277ee05c0] Heap_lock - owner thread: 0x0000029277ee6800

Heap address: 0x0000000700c00000, size: 4084 MB, Compressed Oops mode: Non-zero based: 0x0000000700c00000
Narrow klass base: 0x0000000000000000, Narrow klass shift: 0

GC Heap History (0 events):
No events

Deoptimization events (0 events):
No events

Classes redefined (0 events):
No events

Internal exceptions (0 events):
No events

Events (0 events):
No events


Dynamic libraries:
0x00007ff79ac00000 - 0x00007ff79ac47000 	C:\Program Files\Java\jdk-11\bin\java.exe
0x00007ffc0f260000 - 0x00007ffc0f450000 	C:\WINDOWS\SYSTEM32\ntdll.dll
0x00007ffc0eeb0000 - 0x00007ffc0ef62000 	C:\WINDOWS\System32\KERNEL32.DLL
0x00007ffc0c5b0000 - 0x00007ffc0c853000 	C:\WINDOWS\System32\KERNELBASE.dll
0x00007ffc0d6a0000 - 0x00007ffc0d743000 	C:\WINDOWS\System32\ADVAPI32.dll
0x00007ffc0f000000 - 0x00007ffc0f09e000 	C:\WINDOWS\System32\msvcrt.dll
0x00007ffc0f0a0000 - 0x00007ffc0f137000 	C:\WINDOWS\System32\sechost.dll
0x00007ffc0da60000 - 0x00007ffc0db80000 	C:\WINDOWS\System32\RPCRT4.dll
0x00007ffc0dce0000 - 0x00007ffc0de74000 	C:\WINDOWS\System32\USER32.dll
0x00007ffc0c860000 - 0x00007ffc0c881000 	C:\WINDOWS\System32\win32u.dll
0x00007ffc0d750000 - 0x00007ffc0d776000 	C:\WINDOWS\System32\GDI32.dll
0x00007ffc0c960000 - 0x00007ffc0caf4000 	C:\WINDOWS\System32\gdi32full.dll
0x00007ffc0c360000 - 0x00007ffc0c3fe000 	C:\WINDOWS\System32\msvcp_win.dll
0x00007ffc0c400000 - 0x00007ffc0c4fa000 	C:\WINDOWS\System32\ucrtbase.dll
0x00007ffbf88c0000 - 0x00007ffbf8b45000 	C:\WINDOWS\WinSxS\amd64_microsoft.windows.common-controls_6595b64144ccf1df_6.0.18362.592_none_e6c0b1911312be02\COMCTL32.dll
0x00007ffc0ac10000 - 0x00007ffc0ac1a000 	C:\WINDOWS\SYSTEM32\VERSION.dll
0x00007ffc0d360000 - 0x00007ffc0d696000 	C:\WINDOWS\System32\combase.dll
0x00007ffc0c8e0000 - 0x00007ffc0c960000 	C:\WINDOWS\System32\bcryptPrimitives.dll
0x00007ffc0d780000 - 0x00007ffc0d7ae000 	C:\WINDOWS\System32\IMM32.DLL
0x00007ffc03d40000 - 0x00007ffc03d56000 	C:\Program Files\Java\jdk-11\bin\vcruntime140.dll
0x00007ffbb6a30000 - 0x00007ffbb6ada000 	C:\Program Files\Java\jdk-11\bin\msvcp140.dll
0x00007ffb8fa50000 - 0x00007ffb90592000 	C:\Program Files\Java\jdk-11\bin\server\jvm.dll
0x00007ffc0e050000 - 0x00007ffc0e058000 	C:\WINDOWS\System32\PSAPI.DLL
0x00007ffbf55b0000 - 0x00007ffbf55b9000 	C:\WINDOWS\SYSTEM32\WSOCK32.dll
0x00007ffc003d0000 - 0x00007ffc003f4000 	C:\WINDOWS\SYSTEM32\WINMM.dll
0x00007ffc0d920000 - 0x00007ffc0d98f000 	C:\WINDOWS\System32\WS2_32.dll
0x00007ffc003a0000 - 0x00007ffc003cd000 	C:\WINDOWS\SYSTEM32\winmmbase.dll
0x00007ffc0c890000 - 0x00007ffc0c8da000 	C:\WINDOWS\System32\cfgmgr32.dll
0x00007ffc0c160000 - 0x00007ffc0c171000 	C:\WINDOWS\System32\kernel.appcore.dll
0x00007ffbdb650000 - 0x00007ffbdb661000 	C:\Program Files\Java\jdk-11\bin\verify.dll
0x00007ffc050f0000 - 0x00007ffc052e4000 	C:\WINDOWS\SYSTEM32\DBGHELP.DLL
0x00007ffc04ee0000 - 0x00007ffc04f0a000 	C:\WINDOWS\SYSTEM32\dbgcore.DLL
0x00007ffbd7ac0000 - 0x00007ffbd7ae9000 	C:\Program Files\Java\jdk-11\bin\java.dll
0x00007ffbc5690000 - 0x00007ffbc56a6000 	C:\Program Files\Java\jdk-11\bin\zip.dll
0x00007ffc0aba0000 - 0x00007ffc0abaa000 	C:\Program Files\Java\jdk-11\bin\jimage.dll

dbghelp: loaded successfully - version: 4.0.5 - missing functions: none
symbol engine: initialized successfully - sym options: 0x614 - pdb path: .;C:\Program Files\Java\jdk-11\bin;C:\WINDOWS\SYSTEM32;C:\WINDOWS\WinSxS\amd64_microsoft.windows.common-controls_6595b64144ccf1df_6.0.18362.592_none_e6c0b1911312be02;C:\Program Files\Java\jdk-11\bin\server

VM Arguments:
jvm_args: -Dfile.encoding=UTF-8 
java_command: <unknown>
java_class_path (initial): <not set>
Launcher Type: SUN_STANDARD

[Global flags]
     intx CICompilerCount                          = 12                                        {product} {ergonomic}
     uint ConcGCThreads                            = 3                                         {product} {ergonomic}
     uint G1ConcRefinementThreads                  = 13                                        {product} {ergonomic}
   size_t G1HeapRegionSize                         = 1048576                                   {product} {ergonomic}
    uintx GCDrainStackTargetSize                   = 64                                        {product} {ergonomic}
   size_t InitialHeapSize                          = 268435456                                 {product} {ergonomic}
   size_t MarkStackSize                            = 4194304                                   {product} {ergonomic}
   size_t MaxHeapSize                              = 4282384384                                {product} {ergonomic}
   size_t MinHeapDeltaBytes                        = 1048576                                   {product} {ergonomic}
    uintx NonNMethodCodeHeapSize                   = 7591728                                {pd product} {ergonomic}
    uintx NonProfiledCodeHeapSize                  = 122033256                              {pd product} {ergonomic}
    uintx ProfiledCodeHeapSize                     = 122033256                              {pd product} {ergonomic}
    uintx ReservedCodeCacheSize                    = 251658240                              {pd product} {ergonomic}
     bool SegmentedCodeCache                       = true                                      {product} {ergonomic}
     bool UseCompressedClassPointers               = true                                 {lp64_product} {ergonomic}
     bool UseCompressedOops                        = true                                 {lp64_product} {ergonomic}
     bool UseG1GC                                  = true                                      {product} {ergonomic}
     bool UseLargePagesIndividualAllocation        = false                                  {pd product} {ergonomic}

Logging:
Log output configuration:
 #0: stdout all=warning uptime,level,tags
 #1: stderr all=off uptime,level,tags

Environment Variables:
JAVA_HOME=C:/Program Files/Unity/Hub/Editor/2020.1.0a21/Editor/Data/PlaybackEngines/AndroidPlayer\OpenJDK
JAVA_TOOL_OPTIONS=-Dfile.encoding=UTF-8
PATH=C:\Program Files\Oculus\Support\oculus-runtime;C:\Program Files (x86)\Razer Chroma SDK\bin;C:\Program Files\Razer Chroma SDK\bin;C:\Program Files (x86)\Common Files\Intel\Shared Libraries\redist\intel64_win\compiler;C:\Program Files (x86)\Razer\ChromaBroadcast\bin;C:\Program Files\Razer\ChromaBroadcast\bin;C:\Program Files (x86)\Common Files\Oracle\Java\javapath;C:\Windows\system32;C:\Windows;C:\Windows\System32\Wbem;C:\Windows\System32\WindowsPowerShell\v1.0\;C:\Windows\System32\OpenSSH\;C:\Program Files (x86)\NVIDIA Corporation\PhysX\Common;C:\Program Files\dotnet\;C:\Program Files (x86)\AMD\ATI.ACE\Core-Static;C:\Dwimperl\perl\bin;C:\Dwimperl\perl\site\bin;C:\Dwimperl\c\bin;C:\Program Files\Java\jdk-11.0.2\bin;C:\Users\Michael\AppData\Local\GitHubDesktop\bin;C:\Users\Michael\AppData\Local\Microsoft\WindowsApps;C:\Users\Michael\.dotnet\tools;C:\Program Files\NVIDIA Corporation\NVIDIA NvDLISR;C:\Program Files\nodejs\;C:\Program Files (x86)\AOMEI Backupper;C:\WINDOWS\system32;C:\WINDOWS;C:\WINDOWS\System32\Wbem;C:\WINDOWS\System32\WindowsPowerShell\v1.0\;C:\WINDOWS\System32\OpenSSH\;C:\Program Files\Git LFS;C:\Program Files\Git\cmd;C:\Program Files\Java\jdk-11.0.2\bin;C:\Users\Michael\AppData\Roaming\npm;C:\Users\Michael\AppData\Local\GitHubDesktop\bin;%USERPROFILE%\AppData\Local\Microsoft\WindowsApps;
USERNAME=Michael
OS=Windows_NT
PROCESSOR_IDENTIFIER=AMD64 Family 23 Model 1 Stepping 1, AuthenticAMD



---------------  S Y S T E M  ---------------

OS: Windows 10 , 64 bit Build 18362 (10.0.18362.329)

CPU:total 16 (initial active 16) (16 cores per cpu, 2 threads per core) family 23 model 1 stepping 1, cmov, cx8, fxsr, mmx, sse, sse2, sse3, ssse3, sse4.1, sse4.2, popcnt, avx, avx2, aes, clmul, mmxext, 3dnowpref, lzcnt, sse4a, ht, tsc, tscinvbit, tscinv, bmi1, bmi2, adx, sha, fma

Memory: 4k page, system-wide physical 16334M (340M free)
TotalPageFile size 65486M (AvailPageFile size 245M)
current process WorkingSet (physical memory assigned to process): 10M, peak: 10M
current process commit charge ("private bytes"): 71M, peak: 327M

vm_info: Java HotSpot(TM) 64-Bit Server VM (11+28) for windows-amd64 JRE (11+28), built on Aug 23 2018 03:03:59 by "mach5one" with MS VC++ 15.5 (VS2017)

END.
